Line 42: Class VSFlex8Ctl.VSFlexGrid of control vstt was not a loaded control class.
Line 49: The property name _cx in vstt is invalid.
Line 50: The property name _cy in vstt is invalid.
Line 66: The property name BackColorFixed in vstt is invalid.
Line 67: The property name ForeColorFixed in vstt is invalid.
Line 68: The property name BackColorSel in vstt is invalid.
Line 69: The property name ForeColorSel in vstt is invalid.
Line 70: The property name BackColorBkg in vstt is invalid.
Line 71: The property name BackColorAlternate in vstt is invalid.
Line 72: The property name GridColor in vstt is invalid.
Line 73: The property name GridColorFixed in vstt is invalid.
Line 74: The property name TreeColor in vstt is invalid.
Line 75: The property name FloodColor in vstt is invalid.
Line 76: The property name SheetBorder in vstt is invalid.
Line 77: The property name FocusRect in vstt is invalid.
Line 78: The property name HighLight in vstt is invalid.
Line 79: The property name AllowSelection in vstt is invalid.
Line 80: The property name AllowBigSelection in vstt is invalid.
Line 81: The property name AllowUserResizing in vstt is invalid.
Line 82: The property name SelectionMode in vstt is invalid.
Line 83: The property name GridLines in vstt is invalid.
Line 84: The property name GridLinesFixed in vstt is invalid.
Line 85: The property name GridLineWidth in vstt is invalid.
Line 86: The property name Rows in vstt is invalid.
Line 87: The property name Cols in vstt is invalid.
Line 88: The property name FixedRows in vstt is invalid.
Line 89: The property name FixedCols in vstt is invalid.
Line 90: The property name RowHeightMin in vstt is invalid.
Line 91: The property name RowHeightMax in vstt is invalid.
Line 92: The property name ColWidthMin in vstt is invalid.
Line 93: The property name ColWidthMax in vstt is invalid.
Line 94: The property name ExtendLastCol in vstt is invalid.
Line 95: The property name FormatString in vstt is invalid.
Line 96: The property name ScrollTrack in vstt is invalid.
Line 97: The property name ScrollBars in vstt is invalid.
Line 98: The property name ScrollTips in vstt is invalid.
Line 99: The property name MergeCells in vstt is invalid.
Line 100: The property name MergeCompare in vstt is invalid.
Line 101: The property name AutoResize in vstt is invalid.
Line 102: The property name AutoSizeMode in vstt is invalid.
Line 103: The property name AutoSearch in vstt is invalid.
Line 104: The property name AutoSearchDelay in vstt is invalid.
Line 105: The property name MultiTotals in vstt is invalid.
Line 106: The property name SubtotalPosition in vstt is invalid.
Line 107: The property name OutlineBar in vstt is invalid.
Line 108: The property name OutlineCol in vstt is invalid.
Line 109: The property name Ellipsis in vstt is invalid.
Line 110: The property name ExplorerBar in vstt is invalid.
Line 111: The property name PicturesOver in vstt is invalid.
Line 114: The property name PictureType in vstt is invalid.
Line 115: The property name TabBehavior in vstt is invalid.
Line 116: The property name OwnerDraw in vstt is invalid.
Line 117: The property name Editable in vstt is invalid.
Line 118: The property name ShowComboButton in vstt is invalid.
Line 119: The property name WordWrap in vstt is invalid.
Line 120: The property name TextStyle in vstt is invalid.
Line 121: The property name TextStyleFixed in vstt is invalid.
Line 124: The property name DataMode in vstt is invalid.
Line 125: The property name VirtualData in vstt is invalid.
Line 127: The property name ComboSearch in vstt is invalid.
Line 128: The property name AutoSizeMouse in vstt is invalid.
Line 129: The property name FrozenRows in vstt is invalid.
Line 130: The property name FrozenCols in vstt is invalid.
Line 131: The property name AllowUserFreezing in vstt is invalid.
Line 132: The property name BackColorFrozen in vstt is invalid.
Line 133: The property name ForeColorFrozen in vstt is invalid.
Line 134: The property name WallPaperAlignment in vstt is invalid.
Line 135: The property name AccessibleName in vstt is invalid.
Line 136: The property name AccessibleDescription in vstt is invalid.
Line 137: The property name AccessibleValue in vstt is invalid.
Line 138: The property name AccessibleRole in vstt is invalid.
